<?xml version="1.0" encoding="UTF-8"?>
<testsuite name="DifferenceOfSquaresCalculatorTest" tests="10" skipped="0" failures="0" errors="0" timestamp="2017-04-03T12:35:07" hostname="CODECLAN114.local" time="0.003">
  <properties/>
  <testcase name="testSumOfSquares10" classname="DifferenceOfSquaresCalculatorTest" time="0.001"/>
  <testcase name="testDifferenceOfSquares0" classname="DifferenceOfSquaresCalculatorTest" time="0.0"/>
  <testcase name="testDifferenceOfSquares5" classname="DifferenceOfSquaresCalculatorTest" time="0.0"/>
  <testcase name="testSquareOfSum10" classname="DifferenceOfSquaresCalculatorTest" time="0.0"/>
  <testcase name="testSumOfSquares100" classname="DifferenceOfSquaresCalculatorTest" time="0.0"/>
  <testcase name="testSumOfSquares5" classname="DifferenceOfSquaresCalculatorTest" time="0.0"/>
  <testcase name="testSquareOfSum5" classname="DifferenceOfSquaresCalculatorTest" time="0.001"/>
  <testcase name="testDifferenceOfSquares100" classname="DifferenceOfSquaresCalculatorTest" time="0.0"/>
  <testcase name="testDifferenceOfSquares10" classname="DifferenceOfSquaresCalculatorTest" time="0.0"/>
  <testcase name="testSquareOfSum100" classname="DifferenceOfSquaresCalculatorTest" time="0.0"/>
  <system-out><![CDATA[]]></system-out>
  <system-err><![CDATA[]]></system-err>
</testsuite>
